22:17:57 **** Incremental Build of configuration Debug for project STM32F072B-Discovery_Demo ****
make all 
Building file: /Users/willmitchell/Downloads/STSW-STM32139/STM32F072B-Discovery_FW_V1.0.1/Projects/Demonstration/main.c
Invoking: MCU GCC Compiler
/Users/willmitchell/Downloads/STSW-STM32139/STM32F072B-Discovery_FW_V1.0.1/Projects/Demonstration/TrueSTUDIO/STM32F072B-Discovery_Demo/Debug
arm-none-eabi-gcc -mthumb -mfloat-abi=soft -I"/Users/willmitchell/Documents/stm32 workspace/touch_library_stm32/Libraries/CMSIS/Include" -I"/Users/willmitchell/Documents/stm32 workspace/touch_library_stm32/Libraries/STMTouch_Driver/inc" -I"/Users/willmitchell/Documents/stm32 workspace/touch_library_stm32/Libraries/STM32F0xx_StdPeriph_Driver/inc" -O0 -g -Wall -fmessage-length=0 -ffunction-sections -c -MMD -MP -MF"User/main.d" -MT"User/main.o" -o "User/main.o" "/Users/willmitchell/Downloads/STSW-STM32139/STM32F072B-Discovery_FW_V1.0.1/Projects/Demonstration/main.c"
In file included from /Users/willmitchell/Downloads/STSW-STM32139/STM32F072B-Discovery_FW_V1.0.1/Projects/Demonstration/main.c:29:0:
/Users/willmitchell/Downloads/STSW-STM32139/STM32F072B-Discovery_FW_V1.0.1/Projects/Demonstration/main.h:33:23: fatal error: stm32f0xx.h: No such file or directory
 #include "stm32f0xx.h"
                       ^
compilation terminated.
make: *** [User/main.o] Error 1

22:17:58 Build Finished (took 74ms)

